<?xml version="1.0" encoding="UTF-8"?>
<!-- Generated by org.testng.reporters.JUnitReportReporter -->
<testsuite hostname="LPINDI0010" failures="0" tests="4" name="api.test.UserTests" time="7.510" errors="0" timestamp="2024-04-22T10:38:20 IST" skipped="0">
  <testcase classname="api.test.UserTests" name="testPostUser" time="3.825"/>
  <system-out/>
  <testcase classname="api.test.UserTests" name="testgetUserbyUsername" time="1.262"/>
  <system-out/>
  <testcase classname="api.test.UserTests" name="testupdateUserbyUsername" time="1.207"/>
  <system-out/>
  <testcase classname="api.test.UserTests" name="testdeletUserbyUsername" time="1.216"/>
  <system-out/>
</testsuite> <!-- api.test.UserTests -->
