<?xml version="1.0" encoding="UTF-8"?>
<!-- Generated by org.testng.reporters.JUnitReportReporter -->
<testsuite hostname="LPINDI0010" failures="0" tests="4" name="api.test.UserTests2" time="7.564" errors="0" timestamp="2024-04-25T10:54:21 IST" skipped="0">
  <testcase classname="api.test.UserTests2" name="testPostUser" time="3.866"/>
  <system-out/>
  <testcase classname="api.test.UserTests2" name="testgetUserbyUsername" time="1.236"/>
  <system-out/>
  <testcase classname="api.test.UserTests2" name="testupdateUserbyUsername" time="1.220"/>
  <system-out/>
  <testcase classname="api.test.UserTests2" name="testdeletUserbyUsername" time="1.242"/>
  <system-out/>
</testsuite> <!-- api.test.UserTests2 -->
