<?xml version="1.0" encoding="UTF-8"?>
<!-- Generated by org.testng.reporters.JUnitReportReporter -->
<testsuite hostname="LPINDI0010" failures="0" tests="4" name="api.test.UserTests2" time="10.071" errors="0" timestamp="2024-04-26T12:34:33 IST" skipped="0">
  <testcase classname="api.test.UserTests2" name="testPostUser" time="5.613"/>
  <system-out/>
  <testcase classname="api.test.UserTests2" name="testgetUserbyUsername" time="1.492"/>
  <system-out/>
  <testcase classname="api.test.UserTests2" name="testupdateUserbyUsername" time="1.427"/>
  <system-out/>
  <testcase classname="api.test.UserTests2" name="testdeletUserbyUsername" time="1.539"/>
  <system-out/>
</testsuite> <!-- api.test.UserTests2 -->
